Mon Jan 16 20:11:59 2023 - EXECUTION IN NORMAL MODALITY
Mon Jan 16 20:11:59 2023 - Waiting for WRITER semaphore
Mon Jan 16 20:11:59 2023 - WRITER semaphore entered
Mon Jan 16 20:11:59 2023 - Leaving the READER semaphore
Mon Jan 16 20:11:59 2023 - READER semaphore unlocked
Mon Jan 16 20:11:59 2023 - Moving circle with the keyboard to DOWN
Mon Jan 16 20:11:59 2023 - Waiting for WRITER semaphore
Mon Jan 16 20:11:59 2023 - WRITER semaphore entered
Mon Jan 16 20:11:59 2023 - Leaving the READER semaphore
Mon Jan 16 20:11:59 2023 - READER semaphore unlocked
Mon Jan 16 20:11:59 2023 - Moving circle with the keyboard to LEFT
Mon Jan 16 20:11:59 2023 - Waiting for WRITER semaphore
Mon Jan 16 20:11:59 2023 - WRITER semaphore entered
Mon Jan 16 20:11:59 2023 - Leaving the READER semaphore
Mon Jan 16 20:11:59 2023 - READER semaphore unlocked
Mon Jan 16 20:11:59 2023 - Moving circle with the keyboard to DOWN
Mon Jan 16 20:11:59 2023 - Waiting for WRITER semaphore
Mon Jan 16 20:11:59 2023 - WRITER semaphore entered
Mon Jan 16 20:11:59 2023 - Leaving the READER semaphore
Mon Jan 16 20:11:59 2023 - READER semaphore unlocked
Mon Jan 16 20:11:59 2023 - Moving circle with the keyboard to LEFT
Mon Jan 16 20:11:59 2023 - Waiting for WRITER semaphore
Mon Jan 16 20:11:59 2023 - WRITER semaphore entered
Mon Jan 16 20:11:59 2023 - Leaving the READER semaphore
Mon Jan 16 20:11:59 2023 - READER semaphore unlocked
Mon Jan 16 20:11:59 2023 - Moving circle with the keyboard to UP
Mon Jan 16 20:11:59 2023 - Waiting for WRITER semaphore
Mon Jan 16 20:11:59 2023 - WRITER semaphore entered
Mon Jan 16 20:11:59 2023 - Leaving the READER semaphore
Mon Jan 16 20:11:59 2023 - READER semaphore unlocked
Mon Jan 16 20:11:59 2023 - Moving circle with the keyboard to LEFT
Mon Jan 16 20:11:59 2023 - Waiting for WRITER semaphore
Mon Jan 16 20:11:59 2023 - WRITER semaphore entered
Mon Jan 16 20:11:59 2023 - Leaving the READER semaphore
Mon Jan 16 20:11:59 2023 - READER semaphore unlocked
Mon Jan 16 20:11:59 2023 - Moving circle with the keyboard to UP
Mon Jan 16 20:11:59 2023 - Waiting for WRITER semaphore
Mon Jan 16 20:11:59 2023 - WRITER semaphore entered
Mon Jan 16 20:11:59 2023 - Leaving the READER semaphore
Mon Jan 16 20:11:59 2023 - READER semaphore unlocked
Mon Jan 16 20:11:59 2023 - Moving circle with the keyboard to LEFT
Mon Jan 16 20:11:59 2023 - Waiting for WRITER semaphore
Mon Jan 16 20:11:59 2023 - WRITER semaphore entered
Mon Jan 16 20:11:59 2023 - Leaving the READER semaphore
Mon Jan 16 20:11:59 2023 - READER semaphore unlocked
Mon Jan 16 20:11:59 2023 - Moving circle with the keyboard to UP
Mon Jan 16 20:11:59 2023 - Waiting for WRITER semaphore
Mon Jan 16 20:11:59 2023 - WRITER semaphore entered
Mon Jan 16 20:11:59 2023 - Leaving the READER semaphore
Mon Jan 16 20:11:59 2023 - READER semaphore unlocked
Mon Jan 16 20:11:59 2023 - Moving circle with the keyboard to LEFT
Mon Jan 16 20:11:59 2023 - Waiting for WRITER semaphore
Mon Jan 16 20:11:59 2023 - WRITER semaphore entered
Mon Jan 16 20:11:59 2023 - Leaving the READER semaphore
Mon Jan 16 20:11:59 2023 - READER semaphore unlocked
Mon Jan 16 20:11:59 2023 - Moving circle with the keyboard to LEFT
Mon Jan 16 20:11:59 2023 - Waiting for WRITER semaphore
Mon Jan 16 20:11:59 2023 - WRITER semaphore entered
Mon Jan 16 20:11:59 2023 - Leaving the READER semaphore
Mon Jan 16 20:11:59 2023 - READER semaphore unlocked
Mon Jan 16 20:11:59 2023 - Moving circle with the keyboard to UP
Mon Jan 16 20:11:59 2023 - Waiting for WRITER semaphore
Mon Jan 16 20:11:59 2023 - WRITER semaphore entered
Mon Jan 16 20:11:59 2023 - Leaving the READER semaphore
Mon Jan 16 20:11:59 2023 - READER semaphore unlocked
Mon Jan 16 20:12:09 2023 - EXECUTION IN NORMAL MODALITY
Mon Jan 16 20:12:09 2023 - Waiting for WRITER semaphore
Mon Jan 16 20:12:09 2023 - WRITER semaphore entered
Mon Jan 16 20:12:09 2023 - Leaving the READER semaphore
Mon Jan 16 20:12:09 2023 - READER semaphore unlocked
Mon Jan 16 20:12:09 2023 - Moving circle with the keyboard to RIGHT
Mon Jan 16 20:12:09 2023 - Waiting for WRITER semaphore
Mon Jan 16 20:12:09 2023 - WRITER semaphore entered
Mon Jan 16 20:12:09 2023 - Leaving the READER semaphore
Mon Jan 16 20:12:09 2023 - READER semaphore unlocked
Mon Jan 16 20:12:09 2023 - Moving circle with the keyboard to UP
Mon Jan 16 20:12:09 2023 - Waiting for WRITER semaphore
Mon Jan 16 20:12:09 2023 - WRITER semaphore entered
Mon Jan 16 20:12:09 2023 - Leaving the READER semaphore
Mon Jan 16 20:12:09 2023 - READER semaphore unlocked
Mon Jan 16 20:12:09 2023 - Moving circle with the keyboard to RIGHT
Mon Jan 16 20:12:09 2023 - Waiting for WRITER semaphore
Mon Jan 16 20:12:09 2023 - WRITER semaphore entered
Mon Jan 16 20:12:09 2023 - Leaving the READER semaphore
Mon Jan 16 20:12:09 2023 - READER semaphore unlocked
Mon Jan 16 20:12:09 2023 - Moving circle with the keyboard to UP
Mon Jan 16 20:12:09 2023 - Waiting for WRITER semaphore
Mon Jan 16 20:12:09 2023 - WRITER semaphore entered
Mon Jan 16 20:12:09 2023 - Leaving the READER semaphore
Mon Jan 16 20:12:09 2023 - READER semaphore unlocked
Mon Jan 16 20:12:09 2023 - Moving circle with the keyboard to RIGHT
Mon Jan 16 20:12:09 2023 - Waiting for WRITER semaphore
Mon Jan 16 20:12:09 2023 - WRITER semaphore entered
Mon Jan 16 20:12:09 2023 - Leaving the READER semaphore
Mon Jan 16 20:12:09 2023 - READER semaphore unlocked
Mon Jan 16 20:12:09 2023 - Moving circle with the keyboard to UP
Mon Jan 16 20:12:09 2023 - Waiting for WRITER semaphore
Mon Jan 16 20:12:09 2023 - WRITER semaphore entered
Mon Jan 16 20:12:09 2023 - Leaving the READER semaphore
Mon Jan 16 20:12:09 2023 - READER semaphore unlocked
Mon Jan 16 20:12:09 2023 - Moving circle with the keyboard to RIGHT
Mon Jan 16 20:12:09 2023 - Waiting for WRITER semaphore
Mon Jan 16 20:12:09 2023 - WRITER semaphore entered
Mon Jan 16 20:12:09 2023 - Leaving the READER semaphore
Mon Jan 16 20:12:09 2023 - READER semaphore unlocked
Mon Jan 16 20:12:09 2023 - Moving circle with the keyboard to UP
Mon Jan 16 20:12:09 2023 - Waiting for WRITER semaphore
Mon Jan 16 20:12:09 2023 - WRITER semaphore entered
Mon Jan 16 20:12:09 2023 - Leaving the READER semaphore
Mon Jan 16 20:12:09 2023 - READER semaphore unlocked
Mon Jan 16 20:12:09 2023 - Moving circle with the keyboard to DOWN
Mon Jan 16 20:12:09 2023 - Waiting for WRITER semaphore
Mon Jan 16 20:12:09 2023 - WRITER semaphore entered
Mon Jan 16 20:12:09 2023 - Leaving the READER semaphore
Mon Jan 16 20:12:09 2023 - READER semaphore unlocked
Mon Jan 16 20:12:09 2023 - Moving circle with the keyboard to DOWN
Mon Jan 16 20:12:09 2023 - Waiting for WRITER semaphore
Mon Jan 16 20:12:09 2023 - WRITER semaphore entered
Mon Jan 16 20:12:09 2023 - Leaving the READER semaphore
Mon Jan 16 20:12:09 2023 - READER semaphore unlocked
Mon Jan 16 20:12:09 2023 - Moving circle with the keyboard to DOWN
Mon Jan 16 20:12:09 2023 - Waiting for WRITER semaphore
Mon Jan 16 20:12:09 2023 - WRITER semaphore entered
Mon Jan 16 20:12:09 2023 - Leaving the READER semaphore
Mon Jan 16 20:12:09 2023 - READER semaphore unlocked
Mon Jan 16 20:12:09 2023 - Moving circle with the keyboard to RIGHT
Mon Jan 16 20:12:09 2023 - Waiting for WRITER semaphore
Mon Jan 16 20:12:09 2023 - WRITER semaphore entered
Mon Jan 16 20:12:09 2023 - Leaving the READER semaphore
Mon Jan 16 20:12:09 2023 - READER semaphore unlocked
Mon Jan 16 20:12:09 2023 - Moving circle with the keyboard to RIGHT
Mon Jan 16 20:12:09 2023 - Waiting for WRITER semaphore
Mon Jan 16 20:12:09 2023 - WRITER semaphore entered
Mon Jan 16 20:12:09 2023 - Leaving the READER semaphore
Mon Jan 16 20:12:09 2023 - READER semaphore unlocked
Mon Jan 16 20:12:09 2023 - Moving circle with the keyboard to DOWN
Mon Jan 16 20:12:09 2023 - Waiting for WRITER semaphore
Mon Jan 16 20:12:09 2023 - WRITER semaphore entered
Mon Jan 16 20:12:09 2023 - Leaving the READER semaphore
Mon Jan 16 20:12:09 2023 - READER semaphore unlocked
Mon Jan 16 20:12:09 2023 - Moving circle with the keyboard to DOWN
Mon Jan 16 20:12:09 2023 - Waiting for WRITER semaphore
Mon Jan 16 20:12:09 2023 - WRITER semaphore entered
Mon Jan 16 20:12:09 2023 - Leaving the READER semaphore
Mon Jan 16 20:12:09 2023 - READER semaphore unlocked
Mon Jan 16 20:12:09 2023 - Moving circle with the keyboard to RIGHT
Mon Jan 16 20:12:09 2023 - Waiting for WRITER semaphore
Mon Jan 16 20:12:09 2023 - WRITER semaphore entered
Mon Jan 16 20:12:09 2023 - Leaving the READER semaphore
Mon Jan 16 20:12:09 2023 - READER semaphore unlocked
Mon Jan 16 20:12:09 2023 - Moving circle with the keyboard to DOWN
Mon Jan 16 20:12:09 2023 - Waiting for WRITER semaphore
Mon Jan 16 20:12:09 2023 - WRITER semaphore entered
Mon Jan 16 20:12:09 2023 - Leaving the READER semaphore
Mon Jan 16 20:12:09 2023 - READER semaphore unlocked
Mon Jan 16 20:12:09 2023 - Moving circle with the keyboard to RIGHT
Mon Jan 16 20:12:09 2023 - Waiting for WRITER semaphore
Mon Jan 16 20:12:09 2023 - WRITER semaphore entered
Mon Jan 16 20:12:09 2023 - Leaving the READER semaphore
Mon Jan 16 20:12:09 2023 - READER semaphore unlocked
Mon Jan 16 20:12:09 2023 - Moving circle with the keyboard to DOWN
Mon Jan 16 20:12:09 2023 - Waiting for WRITER semaphore
Mon Jan 16 20:12:09 2023 - WRITER semaphore entered
Mon Jan 16 20:12:09 2023 - Leaving the READER semaphore
Mon Jan 16 20:12:09 2023 - READER semaphore unlocked
Mon Jan 16 20:12:09 2023 - Moving circle with the keyboard to LEFT
Mon Jan 16 20:12:09 2023 - Waiting for WRITER semaphore
Mon Jan 16 20:12:09 2023 - WRITER semaphore entered
Mon Jan 16 20:12:09 2023 - Leaving the READER semaphore
Mon Jan 16 20:12:09 2023 - READER semaphore unlocked
Mon Jan 16 20:12:09 2023 - Moving circle with the keyboard to LEFT
Mon Jan 16 20:12:09 2023 - Waiting for WRITER semaphore
Mon Jan 16 20:12:09 2023 - WRITER semaphore entered
Mon Jan 16 20:12:09 2023 - Leaving the READER semaphore
Mon Jan 16 20:12:09 2023 - READER semaphore unlocked
Mon Jan 16 20:12:09 2023 - Moving circle with the keyboard to LEFT
Mon Jan 16 20:12:09 2023 - Waiting for WRITER semaphore
Mon Jan 16 20:12:09 2023 - WRITER semaphore entered
Mon Jan 16 20:12:09 2023 - Leaving the READER semaphore
Mon Jan 16 20:12:09 2023 - READER semaphore unlocked
Mon Jan 16 20:12:09 2023 - Moving circle with the keyboard to DOWN
Mon Jan 16 20:12:09 2023 - Waiting for WRITER semaphore
Mon Jan 16 20:12:09 2023 - WRITER semaphore entered
Mon Jan 16 20:12:09 2023 - Leaving the READER semaphore
Mon Jan 16 20:12:09 2023 - READER semaphore unlocked
Mon Jan 16 20:12:09 2023 - Moving circle with the keyboard to LEFT
Mon Jan 16 20:12:09 2023 - Waiting for WRITER semaphore
Mon Jan 16 20:12:09 2023 - WRITER semaphore entered
Mon Jan 16 20:12:09 2023 - Leaving the READER semaphore
Mon Jan 16 20:12:09 2023 - READER semaphore unlocked
Mon Jan 16 20:12:09 2023 - Moving circle with the keyboard to LEFT
Mon Jan 16 20:12:09 2023 - Waiting for WRITER semaphore
Mon Jan 16 20:12:09 2023 - WRITER semaphore entered
Mon Jan 16 20:12:09 2023 - Leaving the READER semaphore
Mon Jan 16 20:12:09 2023 - READER semaphore unlocked
Mon Jan 16 20:12:09 2023 - Moving circle with the keyboard to DOWN
Mon Jan 16 20:12:09 2023 - Waiting for WRITER semaphore
Mon Jan 16 20:12:09 2023 - WRITER semaphore entered
Mon Jan 16 20:12:09 2023 - Leaving the READER semaphore
Mon Jan 16 20:12:09 2023 - READER semaphore unlocked
Mon Jan 16 20:12:09 2023 - Moving circle with the keyboard to LEFT
Mon Jan 16 20:12:09 2023 - Waiting for WRITER semaphore
Mon Jan 16 20:12:09 2023 - WRITER semaphore entered
Mon Jan 16 20:12:09 2023 - Leaving the READER semaphore
Mon Jan 16 20:12:09 2023 - READER semaphore unlocked
Mon Jan 16 20:12:09 2023 - Moving circle with the keyboard to DOWN
Mon Jan 16 20:12:09 2023 - Waiting for WRITER semaphore
Mon Jan 16 20:12:09 2023 - WRITER semaphore entered
Mon Jan 16 20:12:09 2023 - Leaving the READER semaphore
Mon Jan 16 20:12:09 2023 - READER semaphore unlocked
Mon Jan 16 20:12:09 2023 - Moving circle with the keyboard to LEFT
Mon Jan 16 20:12:09 2023 - Waiting for WRITER semaphore
Mon Jan 16 20:12:09 2023 - WRITER semaphore entered
Mon Jan 16 20:12:09 2023 - Leaving the READER semaphore
Mon Jan 16 20:12:09 2023 - READER semaphore unlocked
Mon Jan 16 20:12:09 2023 - Moving circle with the keyboard to DOWN
Mon Jan 16 20:12:09 2023 - Waiting for WRITER semaphore
Mon Jan 16 20:12:09 2023 - WRITER semaphore entered
Mon Jan 16 20:12:09 2023 - Leaving the READER semaphore
Mon Jan 16 20:12:09 2023 - READER semaphore unlocked
Mon Jan 16 20:12:09 2023 - Moving circle with the keyboard to LEFT
Mon Jan 16 20:12:09 2023 - Waiting for WRITER semaphore
Mon Jan 16 20:12:09 2023 - WRITER semaphore entered
Mon Jan 16 20:12:09 2023 - Leaving the READER semaphore
Mon Jan 16 20:12:09 2023 - READER semaphore unlocked
Mon Jan 16 20:12:09 2023 - Moving circle with the keyboard to UP
Mon Jan 16 20:12:09 2023 - Waiting for WRITER semaphore
Mon Jan 16 20:12:09 2023 - WRITER semaphore entered
Mon Jan 16 20:12:09 2023 - Leaving the READER semaphore
Mon Jan 16 20:12:09 2023 - READER semaphore unlocked
Mon Jan 16 20:12:09 2023 - Moving circle with the keyboard to LEFT
Mon Jan 16 20:12:09 2023 - Waiting for WRITER semaphore
Mon Jan 16 20:12:09 2023 - WRITER semaphore entered
Mon Jan 16 20:12:09 2023 - Leaving the READER semaphore
Mon Jan 16 20:12:09 2023 - READER semaphore unlocked
Mon Jan 16 20:12:09 2023 - Moving circle with the keyboard to UP
Mon Jan 16 20:12:09 2023 - Waiting for WRITER semaphore
Mon Jan 16 20:12:09 2023 - WRITER semaphore entered
Mon Jan 16 20:12:09 2023 - Leaving the READER semaphore
Mon Jan 16 20:12:09 2023 - READER semaphore unlocked
Mon Jan 16 20:12:09 2023 - Moving circle with the keyboard to LEFT
Mon Jan 16 20:12:09 2023 - Waiting for WRITER semaphore
Mon Jan 16 20:12:09 2023 - WRITER semaphore entered
Mon Jan 16 20:12:09 2023 - Leaving the READER semaphore
Mon Jan 16 20:12:09 2023 - READER semaphore unlocked
Mon Jan 16 20:12:09 2023 - Moving circle with the keyboard to UP
Mon Jan 16 20:12:09 2023 - Waiting for WRITER semaphore
Mon Jan 16 20:12:09 2023 - WRITER semaphore entered
Mon Jan 16 20:12:09 2023 - Leaving the READER semaphore
Mon Jan 16 20:12:09 2023 - READER semaphore unlocked
Mon Jan 16 20:12:09 2023 - Moving circle with the keyboard to LEFT
Mon Jan 16 20:12:09 2023 - Waiting for WRITER semaphore
Mon Jan 16 20:12:09 2023 - WRITER semaphore entered
Mon Jan 16 20:12:09 2023 - Leaving the READER semaphore
Mon Jan 16 20:12:09 2023 - READER semaphore unlocked
Mon Jan 16 20:12:09 2023 - Moving circle with the keyboard to UP
Mon Jan 16 20:12:09 2023 - Waiting for WRITER semaphore
Mon Jan 16 20:12:09 2023 - WRITER semaphore entered
Mon Jan 16 20:12:09 2023 - Leaving the READER semaphore
Mon Jan 16 20:12:09 2023 - READER semaphore unlocked
Mon Jan 16 20:12:09 2023 - Moving circle with the keyboard to LEFT
Mon Jan 16 20:12:09 2023 - Waiting for WRITER semaphore
Mon Jan 16 20:12:09 2023 - WRITER semaphore entered
Mon Jan 16 20:12:09 2023 - Leaving the READER semaphore
Mon Jan 16 20:12:09 2023 - READER semaphore unlocked
Mon Jan 16 20:12:09 2023 - Moving circle with the keyboard to UP
Mon Jan 16 20:12:09 2023 - Waiting for WRITER semaphore
Mon Jan 16 20:12:09 2023 - WRITER semaphore entered
Mon Jan 16 20:12:09 2023 - Leaving the READER semaphore
Mon Jan 16 20:12:09 2023 - READER semaphore unlocked
Mon Jan 16 20:12:09 2023 - Moving circle with the keyboard to LEFT
Mon Jan 16 20:12:09 2023 - Waiting for WRITER semaphore
Mon Jan 16 20:12:09 2023 - WRITER semaphore entered
Mon Jan 16 20:12:09 2023 - Leaving the READER semaphore
Mon Jan 16 20:12:09 2023 - READER semaphore unlocked
Mon Jan 16 20:12:09 2023 - Moving circle with the keyboard to UP
Mon Jan 16 20:12:09 2023 - Waiting for WRITER semaphore
Mon Jan 16 20:12:09 2023 - WRITER semaphore entered
Mon Jan 16 20:12:09 2023 - Leaving the READER semaphore
Mon Jan 16 20:12:09 2023 - READER semaphore unlocked
Mon Jan 16 20:12:09 2023 - Moving circle with the keyboard to UP
Mon Jan 16 20:12:09 2023 - Waiting for WRITER semaphore
Mon Jan 16 20:12:09 2023 - WRITER semaphore entered
Mon Jan 16 20:12:09 2023 - Leaving the READER semaphore
Mon Jan 16 20:12:09 2023 - READER semaphore unlocked
Mon Jan 16 20:12:09 2023 - Moving circle with the keyboard to LEFT
Mon Jan 16 20:12:09 2023 - Waiting for WRITER semaphore
Mon Jan 16 20:12:09 2023 - WRITER semaphore entered
Mon Jan 16 20:12:09 2023 - Leaving the READER semaphore
Mon Jan 16 20:12:09 2023 - READER semaphore unlocked
Mon Jan 16 20:12:09 2023 - Moving circle with the keyboard to LEFT
Mon Jan 16 20:12:09 2023 - Waiting for WRITER semaphore
Mon Jan 16 20:12:09 2023 - WRITER semaphore entered
Mon Jan 16 20:12:09 2023 - Leaving the READER semaphore
Mon Jan 16 20:12:09 2023 - READER semaphore unlocked
Mon Jan 16 20:12:09 2023 - Moving circle with the keyboard to UP
Mon Jan 16 20:12:09 2023 - Waiting for WRITER semaphore
Mon Jan 16 20:12:09 2023 - WRITER semaphore entered
Mon Jan 16 20:12:09 2023 - Leaving the READER semaphore
Mon Jan 16 20:12:09 2023 - READER semaphore unlocked
Mon Jan 16 20:12:09 2023 - Moving circle with the keyboard to UP
Mon Jan 16 20:12:09 2023 - Waiting for WRITER semaphore
Mon Jan 16 20:12:09 2023 - WRITER semaphore entered
Mon Jan 16 20:12:09 2023 - Leaving the READER semaphore
Mon Jan 16 20:12:09 2023 - READER semaphore unlocked
